/home/alan/go2control_ws/install/easy_slam/lib/python3.10/site-packages/easy_slam/mapper_node.py
/home/alan/go2control_ws/install/easy_slam/lib/python3.10/site-packages/easy_slam/simple_nav.py
/home/alan/go2control_ws/install/easy_slam/lib/python3.10/site-packages/easy_slam/map_saver.py
/home/alan/go2control_ws/install/easy_slam/lib/python3.10/site-packages/easy_slam/__init__.py
/home/alan/go2control_ws/install/easy_slam/lib/python3.10/site-packages/easy_slam/__pycache__/mapper_node.cpython-310.pyc
/home/alan/go2control_ws/install/easy_slam/lib/python3.10/site-packages/easy_slam/__pycache__/simple_nav.cpython-310.pyc
/home/alan/go2control_ws/install/easy_slam/lib/python3.10/site-packages/easy_slam/__pycache__/map_saver.cpython-310.pyc
/home/alan/go2control_ws/install/easy_slam/lib/python3.10/site-packages/easy_slam/__pycache__/__init__.cpython-310.pyc
/home/alan/go2control_ws/install/easy_slam/share/ament_index/resource_index/packages/easy_slam
/home/alan/go2control_ws/install/easy_slam/share/easy_slam/package.xml
/home/alan/go2control_ws/install/easy_slam/lib/python3.10/site-packages/easy_slam-0.0.0-py3.10.egg-info/top_level.txt
/home/alan/go2control_ws/install/easy_slam/lib/python3.10/site-packages/easy_slam-0.0.0-py3.10.egg-info/SOURCES.txt
/home/alan/go2control_ws/install/easy_slam/lib/python3.10/site-packages/easy_slam-0.0.0-py3.10.egg-info/dependency_links.txt
/home/alan/go2control_ws/install/easy_slam/lib/python3.10/site-packages/easy_slam-0.0.0-py3.10.egg-info/requires.txt
/home/alan/go2control_ws/install/easy_slam/lib/python3.10/site-packages/easy_slam-0.0.0-py3.10.egg-info/zip-safe
/home/alan/go2control_ws/install/easy_slam/lib/python3.10/site-packages/easy_slam-0.0.0-py3.10.egg-info/entry_points.txt
/home/alan/go2control_ws/install/easy_slam/lib/python3.10/site-packages/easy_slam-0.0.0-py3.10.egg-info/PKG-INFO
/home/alan/go2control_ws/install/easy_slam/lib/easy_slam/map_saver
/home/alan/go2control_ws/install/easy_slam/lib/easy_slam/mapper_node
/home/alan/go2control_ws/install/easy_slam/lib/easy_slam/simple_nav
